<?xml version="1.0" encoding="UTF-8"?>
<testsuites tests="4" failures="0" disabled="0" errors="0" time="0.007" timestamp="2026-09-09T21:42:34" name="AllTests">
  <testsuite name="MotionEffort" tests="4" failures="0" disabled="0" errors="0" time="0.007" timestamp="2026-09-09T21:42:34">
    <testcase name="CompensationIsContinuousSymmetricAndZeroAtRest" status="run" result="completed" time="0.001" timestamp="2026-09-09T21:42:34" classname="rinbo_fsm.MotionEffort" />
    <testcase name="RejectsMalformedProfiles" status="run" result="completed" time="0" timestamp="2026-09-09T21:42:34" classname="rinbo_fsm.MotionEffort" />
    <testcase name="ReducesStopStartCyclesInDelayedFrictionModel" status="run" result="completed" time="0.002" timestamp="2026-09-09T21:42:34" classname="rinbo_fsm.MotionEffort" />
    <testcase name="TracksBothDirectionsAcrossFrictionAndSpeedVariations" status="run" result="completed" time="0.004" timestamp="2026-09-09T21:42:34" classname="rinbo_fsm.MotionEffort" />
  </testsuite>
</testsuites>
