<?xml version="1.0" encoding="UTF-8"?>
<testsuites tests="13" failures="0" disabled="0" errors="0" time="16.23" timestamp="2026-09-09T21:42:17" name="AllTests">
  <testsuite name="ManualControllerTest" tests="3" failures="0" disabled="0" errors="0" time="0.17" timestamp="2026-09-09T21:42:17">
    <testcase name="MissingFeedbackStopsAndInvalidatesCalibration" status="run" result="completed" time="0.089" timestamp="2026-09-09T21:42:17" classname="rinbo_fsm.ManualControllerTest" />
    <testcase name="UsesAuthoritativeStandingEffortProfile" status="run" result="completed" time="0.051" timestamp="2026-09-09T21:42:18" classname="rinbo_fsm.ManualControllerTest" />
    <testcase name="StopIsLatchedAndNormalStopPreservesCalibration" status="run" result="completed" time="0.03" timestamp="2026-09-09T21:42:18" classname="rinbo_fsm.ManualControllerTest" />
  </testsuite>
  <testsuite name="IsolatedDomain/ManualWireTest" tests="10" failures="0" disabled="0" errors="0" time="16.06" timestamp="2026-09-09T21:42:18">
    <testcase name="RealRosHandshakeMotionAndFailClosedOutput/0" value_param="4-byte object &lt;00-00 00-00&gt;" status="run" result="completed" time="5.391" timestamp="2026-09-09T21:42:18" classname="rinbo_fsm.IsolatedDomain/ManualWireTest" />
    <testcase name="RealRosHandshakeMotionAndFailClosedOutput/1" value_param="4-byte object &lt;01-00 00-00&gt;" status="run" result="completed" time="0.662" timestamp="2026-09-09T21:42:23" classname="rinbo_fsm.IsolatedDomain/ManualWireTest" />
    <testcase name="RealRosHandshakeMotionAndFailClosedOutput/2" value_param="4-byte object &lt;02-00 00-00&gt;" status="run" result="completed" time="0.914" timestamp="2026-09-09T21:42:24" classname="rinbo_fsm.IsolatedDomain/ManualWireTest" />
    <testcase name="RealRosHandshakeMotionAndFailClosedOutput/3" value_param="4-byte object &lt;03-00 00-00&gt;" status="run" result="completed" time="0.428" timestamp="2026-09-09T21:42:25" classname="rinbo_fsm.IsolatedDomain/ManualWireTest" />
    <testcase name="RealRosHandshakeMotionAndFailClosedOutput/4" value_param="4-byte object &lt;04-00 00-00&gt;" status="run" result="completed" time="0.439" timestamp="2026-09-09T21:42:25" classname="rinbo_fsm.IsolatedDomain/ManualWireTest" />
    <testcase name="RealRosHandshakeMotionAndFailClosedOutput/5" value_param="4-byte object &lt;05-00 00-00&gt;" status="run" result="completed" time="0.634" timestamp="2026-09-09T21:42:25" classname="rinbo_fsm.IsolatedDomain/ManualWireTest" />
    <testcase name="RealRosHandshakeMotionAndFailClosedOutput/6" value_param="4-byte object &lt;06-00 00-00&gt;" status="run" result="completed" time="0.434" timestamp="2026-09-09T21:42:26" classname="rinbo_fsm.IsolatedDomain/ManualWireTest" />
    <testcase name="RealRosHandshakeMotionAndFailClosedOutput/7" value_param="4-byte object &lt;07-00 00-00&gt;" status="run" result="completed" time="0.398" timestamp="2026-09-09T21:42:26" classname="rinbo_fsm.IsolatedDomain/ManualWireTest" />
    <testcase name="RealRosHandshakeMotionAndFailClosedOutput/8" value_param="4-byte object &lt;08-00 00-00&gt;" status="run" result="completed" time="1.379" timestamp="2026-09-09T21:42:27" classname="rinbo_fsm.IsolatedDomain/ManualWireTest" />
    <testcase name="RealRosHandshakeMotionAndFailClosedOutput/9" value_param="4-byte object &lt;09-00 00-00&gt;" status="run" result="completed" time="5.38" timestamp="2026-09-09T21:42:28" classname="rinbo_fsm.IsolatedDomain/ManualWireTest" />
  </testsuite>
</testsuites>
