<?xml version="1.0" encoding="UTF-8"?>
<testsuites tests="29" failures="0" disabled="0" errors="0" time="4.292" timestamp="2026-09-09T21:41:59" name="AllTests">
  <testsuite name="LatestStateQosTest" tests="1" failures="0" disabled="0" errors="0" time="0" timestamp="2026-09-09T21:41:59">
    <testcase name="RmwProfileIsReliableVolatileKeepLastOne" status="run" result="completed" time="0" timestamp="2026-09-09T21:41:59" classname="rinbo_fsm.LatestStateQosTest" />
  </testsuite>
  <testsuite name="BridgeInputPreparationTest" tests="1" failures="0" disabled="0" errors="0" time="0" timestamp="2026-09-09T21:41:59">
    <testcase name="UnknownAttributionWaitsButWrongOrDuplicateSourcesFail" status="run" result="completed" time="0" timestamp="2026-09-09T21:41:59" classname="rinbo_fsm.BridgeInputPreparationTest" />
  </testsuite>
  <testsuite name="RosSafetyTest" tests="20" failures="0" disabled="0" errors="0" time="4.239" timestamp="2026-09-09T21:41:59">
    <testcase name="PreparationWaitsBeyondTwoSecondsWithoutStartingCommandPublisherOrInputClock" status="run" result="completed" time="2.447" timestamp="2026-09-09T21:41:59" classname="rinbo_fsm.RosSafetyTest" />
    <testcase name="PreparationTimeoutAndCancellationNeverCreateCommandPublisher" status="run" result="completed" time="0.079" timestamp="2026-09-09T21:42:01" classname="rinbo_fsm.RosSafetyTest" />
    <testcase name="PendingInitialCallbackDoesNotConsumeHeaderOrPinPublisher" status="run" result="completed" time="0.023" timestamp="2026-09-09T21:42:01" classname="rinbo_fsm.RosSafetyTest" />
    <testcase name="PastStaleStartupSamplesWaitButFreshInputCommitsRuntimeChecks" status="run" result="completed" time="0.019" timestamp="2026-09-09T21:42:01" classname="rinbo_fsm.RosSafetyTest" />
    <testcase name="StartupBudgetDoesNotResetOnStaleSamples" status="run" result="completed" time="0.018" timestamp="2026-09-09T21:42:01" classname="rinbo_fsm.RosSafetyTest" />
    <testcase name="FortyHertzMotorBacklogResumesAtNewestSampleOnly" status="run" result="completed" time="0.472" timestamp="2026-09-09T21:42:01" classname="rinbo_fsm.RosSafetyTest" />
    <testcase name="PowerLatestSafeDropsBacklogThenPersistentFaultTripsAndStales" status="run" result="completed" time="0.552" timestamp="2026-09-09T21:42:02" classname="rinbo_fsm.RosSafetyTest" />
    <testcase name="ActualBridgeMessageInfoMatchesSoleGraphEndpoint" status="run" result="completed" time="0.022" timestamp="2026-09-09T21:42:02" classname="rinbo_fsm.RosSafetyTest" />
    <testcase name="SolePublisherWithWrongNodeNameIsRejected" status="run" result="completed" time="0.018" timestamp="2026-09-09T21:42:02" classname="rinbo_fsm.RosSafetyTest" />
    <testcase name="SoleBridgeNameOutsideRootNamespaceIsRejected" status="run" result="completed" time="0.023" timestamp="2026-09-09T21:42:02" classname="rinbo_fsm.RosSafetyTest" />
    <testcase name="CallbackGidMustMatchSoleBridgeGraphEndpoint" status="run" result="completed" time="0.016" timestamp="2026-09-09T21:42:02" classname="rinbo_fsm.RosSafetyTest" />
    <testcase name="SecondPublisherIsRejectedBeforeHeaderAcceptance" status="run" result="completed" time="0.022" timestamp="2026-09-09T21:42:02" classname="rinbo_fsm.RosSafetyTest" />
    <testcase name="PublisherGidRemainsPinnedForCallbacksAndWatchdog" status="run" result="completed" time="0.02" timestamp="2026-09-09T21:42:02" classname="rinbo_fsm.RosSafetyTest" />
    <testcase name="GraphDelayDoesNotTurnFreshAtEntryHeaderStale" status="run" result="completed" time="0.141" timestamp="2026-09-09T21:42:02" classname="rinbo_fsm.RosSafetyTest" />
    <testcase name="GraphDelayCannotRescueHeaderAlreadyStaleAtEntry" status="run" result="completed" time="0.27" timestamp="2026-09-09T21:42:02" classname="rinbo_fsm.RosSafetyTest" />
    <testcase name="BackwardRosTimeJumpDuringGraphQueryFailsClosed" status="run" result="completed" time="0.02" timestamp="2026-09-09T21:42:03" classname="rinbo_fsm.RosSafetyTest" />
    <testcase name="InvalidFutureReplaySequenceAndStampRemainRejected" status="run" result="completed" time="0.019" timestamp="2026-09-09T21:42:03" classname="rinbo_fsm.RosSafetyTest" />
    <testcase name="DisabledLegsAcceptMultipleCanonicalLegsAndRejectInvalidSets" status="run" result="completed" time="0.045" timestamp="2026-09-09T21:42:03" classname="rinbo_fsm.RosSafetyTest" />
    <testcase name="PublishBoundaryMaskDisablesEachConfiguredMainDrive" status="run" result="completed" time="0" timestamp="2026-09-09T21:42:03" classname="rinbo_fsm.RosSafetyTest" />
    <testcase name="DisabledLegParametersAreStartupOnlyAndRejectRuntimeUpdates" status="run" result="completed" time="0.012" timestamp="2026-09-09T21:42:03" classname="rinbo_fsm.RosSafetyTest" />
  </testsuite>
  <testsuite name="FsmSourceContractTest" tests="2" failures="0" disabled="0" errors="0" time="0.007" timestamp="2026-09-09T21:42:03">
    <testcase name="ProductionDiscoveryPrecedesCommandPublishersAndGuardClocks" status="run" result="completed" time="0.001" timestamp="2026-09-09T21:42:03" classname="rinbo_fsm.FsmSourceContractTest" />
    <testcase name="AllFsmsShareLatestQosAndDisabledLegSafetyContract" status="run" result="completed" time="0.006" timestamp="2026-09-09T21:42:03" classname="rinbo_fsm.FsmSourceContractTest" />
  </testsuite>
  <testsuite name="InputPublisherStartupTest" tests="2" failures="0" disabled="0" errors="0" time="0" timestamp="2026-09-09T21:42:03">
    <testcase name="OnlyZeroOrFullyUnknownCorrelatedEndpointsWait" status="run" result="completed" time="0" timestamp="2026-09-09T21:42:03" classname="rinbo_fsm.InputPublisherStartupTest" />
    <testcase name="WaitIsBoundedAndNeverReopensAfterTrust" status="run" result="completed" time="0" timestamp="2026-09-09T21:42:03" classname="rinbo_fsm.InputPublisherStartupTest" />
  </testsuite>
  <testsuite name="TripodPowerPolicyTest" tests="2" failures="0" disabled="0" errors="0" time="0" timestamp="2026-09-09T21:42:03">
    <testcase name="MissingAndStaleTelemetryFailClosed" status="run" result="completed" time="0" timestamp="2026-09-09T21:42:03" classname="rinbo_fsm.TripodPowerPolicyTest" />
    <testcase name="ArmedOutputUsesDebounceAndHardCurrentStillStopsImmediately" status="run" result="completed" time="0" timestamp="2026-09-09T21:42:03" classname="rinbo_fsm.TripodPowerPolicyTest" />
  </testsuite>
  <testsuite name="RosInputGuardValidationTest" tests="1" failures="0" disabled="0" errors="0" time="0" timestamp="2026-09-09T21:42:03">
    <testcase name="GraphDelayCannotExtendArrivalWatchdogFreshness" status="run" result="completed" time="0" timestamp="2026-09-09T21:42:03" classname="rinbo_fsm.RosInputGuardValidationTest" />
  </testsuite>
</testsuites>
