<?xml version="1.0" encoding="UTF-8"?>
<testsuites tests="33" failures="0" disabled="0" errors="0" time="6.071" timestamp="2026-09-09T21:42:11" name="AllTests">
  <testsuite name="TripodMultiLegTest" tests="33" failures="0" disabled="0" errors="0" time="6.071" timestamp="2026-09-09T21:42:11">
    <testcase name="WarningOnlyLargeFiniteErrorsNeverStopOrInvalidateReceipts" status="run" result="completed" time="0.121" timestamp="2026-09-09T21:42:11" classname="rinbo_fsm.TripodMultiLegTest" />
    <testcase name="WarningOnlyModeRunsPastStartupWithLagAndStillStopsOnRequest" status="run" result="completed" time="0.23" timestamp="2026-09-09T21:42:11" classname="rinbo_fsm.TripodMultiLegTest" />
    <testcase name="WarningOnlyModeStillStopsOnNonfiniteHealthyFeedback" status="run" result="completed" time="0.138" timestamp="2026-09-09T21:42:11" classname="rinbo_fsm.TripodMultiLegTest" />
    <testcase name="WarningOnlyModeStillHonorsEstopImmediately" status="run" result="completed" time="0.047" timestamp="2026-09-09T21:42:11" classname="rinbo_fsm.TripodMultiLegTest" />
    <testcase name="OriginalSiteModelWarningDoesNotAddAnOperationInterlock" status="run" result="completed" time="0.031" timestamp="2026-09-09T21:42:11" classname="rinbo_fsm.TripodMultiLegTest" />
    <testcase name="Suggested20SecondRatio40ProfileFitsNominalBudget" status="run" result="completed" time="0.045" timestamp="2026-09-09T21:42:11" classname="rinbo_fsm.TripodMultiLegTest" />
    <testcase name="RestToRestStartupIsMonotoneWithContinuousEndpoints" status="run" result="completed" time="0.001" timestamp="2026-09-09T21:42:11" classname="rinbo_fsm.TripodMultiLegTest" />
    <testcase name="PhaseLaunchIsContinuousAndKeepsTheUnwrappedPhase" status="run" result="completed" time="0" timestamp="2026-09-09T21:42:11" classname="rinbo_fsm.TripodMultiLegTest" />
    <testcase name="NegativePhaseAndGaitJoinsPreserveMultipleRevolutions" status="run" result="completed" time="0.034" timestamp="2026-09-09T21:42:11" classname="rinbo_fsm.TripodMultiLegTest" />
    <testcase name="HistoricalPolarityAndRawCountsRemainExplicit" status="run" result="completed" time="0" timestamp="2026-09-09T21:42:11" classname="rinbo_fsm.TripodMultiLegTest" />
    <testcase name="All64MasksCoverStartupBothGroupsAndControlledStop" status="run" result="completed" time="3.111" timestamp="2026-09-09T21:42:11" classname="rinbo_fsm.TripodMultiLegTest" />
    <testcase name="NormalTrackingAcrossStartupAndGroupBLaunch" status="run" result="completed" time="0.231" timestamp="2026-09-09T21:42:15" classname="rinbo_fsm.TripodMultiLegTest" />
    <testcase name="StartupRebasesToActualButKeepsBoundaryErrorAndWaitingBProtection" status="run" result="completed" time="0.066" timestamp="2026-09-09T21:42:15" classname="rinbo_fsm.TripodMultiLegTest" />
    <testcase name="GroupBRebasesOnlyWaitingHealthyLegsOnceAtLaunch" status="run" result="completed" time="0.035" timestamp="2026-09-09T21:42:15" classname="rinbo_fsm.TripodMultiLegTest" />
    <testcase name="RestoredControllerRunsEightSecondStartupRatioEightToOneAndManualStop" status="run" result="completed" time="0.272" timestamp="2026-09-09T21:42:15" classname="rinbo_fsm.TripodMultiLegTest" />
    <testcase name="HealthyBlockedStartupCannotEnterRunningOrRetainReceipts" status="run" result="completed" time="0.081" timestamp="2026-09-09T21:42:15" classname="rinbo_fsm.TripodMultiLegTest" />
    <testcase name="StartupKeepsExistingAlignmentToleranceWithoutAnExtraInterlock" status="run" result="completed" time="0.042" timestamp="2026-09-09T21:42:15" classname="rinbo_fsm.TripodMultiLegTest" />
    <testcase name="TransientLagRecoversButContinuousLagTripsAfterSamplesAndTime" status="run" result="completed" time="0.036" timestamp="2026-09-09T21:42:15" classname="rinbo_fsm.TripodMultiLegTest" />
    <testcase name="SoftGuardRequiresBothTenSamplesAndHalfASecond" status="run" result="completed" time="0.037" timestamp="2026-09-09T21:42:15" classname="rinbo_fsm.TripodMultiLegTest" />
    <testcase name="HardBoundaryAndInvalidFeedbackBypassTransientAllowance" status="run" result="completed" time="0.139" timestamp="2026-09-09T21:42:15" classname="rinbo_fsm.TripodMultiLegTest" />
    <testcase name="PositionProtectionIgnoresExactlyL3Mask" status="run" result="completed" time="0.037" timestamp="2026-09-09T21:42:16" classname="rinbo_fsm.TripodMultiLegTest" />
    <testcase name="TriggerFrameRetainsRawSignedDataAndFirstReason" status="run" result="completed" time="0.035" timestamp="2026-09-09T21:42:16" classname="rinbo_fsm.TripodMultiLegTest" />
    <testcase name="SlewUsesRealElapsedTimeAndImmediateStopBypassesIt" status="run" result="completed" time="0.034" timestamp="2026-09-09T21:42:16" classname="rinbo_fsm.TripodMultiLegTest" />
    <testcase name="RatioRampIsIndependentOfCallbackRate" status="run" result="completed" time="0.036" timestamp="2026-09-09T21:42:16" classname="rinbo_fsm.TripodMultiLegTest" />
    <testcase name="TargetRatioAndElapsedTimeNeverAutoCompleteRunning" status="run" result="completed" time="0.538" timestamp="2026-09-09T21:42:16" classname="rinbo_fsm.TripodMultiLegTest" />
    <testcase name="ShutdownBrakesFromCurrentReferenceIncludingStartup" status="run" result="completed" time="0.069" timestamp="2026-09-09T21:42:16" classname="rinbo_fsm.TripodMultiLegTest" />
    <testcase name="NormalStopPublishesDisabledCommandThenEnds" status="run" result="completed" time="0.036" timestamp="2026-09-09T21:42:16" classname="rinbo_fsm.TripodMultiLegTest" />
    <testcase name="NonPositiveSampleTimeFailsClosed" status="run" result="completed" time="0.035" timestamp="2026-09-09T21:42:16" classname="rinbo_fsm.TripodMultiLegTest" />
    <testcase name="ShutdownPublishFailuresCannotPreservePrerequisiteReceipts" status="run" result="completed" time="0.036" timestamp="2026-09-09T21:42:16" classname="rinbo_fsm.TripodMultiLegTest" />
    <testcase name="SafetyStoppedActionHonorsShutdownWithoutFeedback" status="run" result="completed" time="0.035" timestamp="2026-09-09T21:42:16" classname="rinbo_fsm.TripodMultiLegTest" />
    <testcase name="Configured3300CanBeReachedWhileSlewMaskAndNormalStopRemainEffective" status="run" result="completed" time="0.169" timestamp="2026-09-09T21:42:16" classname="rinbo_fsm.TripodMultiLegTest" />
    <testcase name="OptionalSlewOffPassesRatio59CorrectionsWithCapMaskAndStop" status="run" result="completed" time="0.174" timestamp="2026-09-09T21:42:17" classname="rinbo_fsm.TripodMultiLegTest" />
    <testcase name="OptionalSlewOffStillStopsOnInvalidFeedbackAndEstop" status="run" result="completed" time="0.137" timestamp="2026-09-09T21:42:17" classname="rinbo_fsm.TripodMultiLegTest" />
  </testsuite>
</testsuites>
