<?xml version="1.0" encoding="UTF-8"?>
<testsuites tests="7" failures="0" disabled="0" errors="0" time="0.003" timestamp="2026-09-09T21:42:17" name="AllTests">
  <testsuite name="ManualPlan" tests="2" failures="0" disabled="0" errors="0" time="0.002" timestamp="2026-09-09T21:42:17">
    <testcase name="DefaultsAndOmittedLegsAreOff" status="run" result="completed" time="0" timestamp="2026-09-09T21:42:17" classname="rinbo_fsm.ManualPlan" />
    <testcase name="RejectsMalformedAmbiguousAndUnsafeInput" status="run" result="completed" time="0.002" timestamp="2026-09-09T21:42:17" classname="rinbo_fsm.ManualPlan" />
  </testsuite>
  <testsuite name="ManualTrajectory" tests="4" failures="0" disabled="0" errors="0" time="0.001" timestamp="2026-09-09T21:42:17">
    <testcase name="AngleWrapAndEncoderSignMatchCalibration" status="run" result="completed" time="0" timestamp="2026-09-09T21:42:17" classname="rinbo_fsm.ManualTrajectory" />
    <testcase name="RelativeMoveIsSmallEvenFarFromTheCalibrationZero" status="run" result="completed" time="0" timestamp="2026-09-09T21:42:17" classname="rinbo_fsm.ManualTrajectory" />
    <testcase name="AlignmentAndRampsRespectVelocityAccelerationAndContinuity" status="run" result="completed" time="0.001" timestamp="2026-09-09T21:42:17" classname="rinbo_fsm.ManualTrajectory" />
    <testcase name="SharedClockPreservesPhaseAndVelocityModeStartsFromFeedback" status="run" result="completed" time="0" timestamp="2026-09-09T21:42:17" classname="rinbo_fsm.ManualTrajectory" />
  </testsuite>
  <testsuite name="ManualOutput" tests="1" failures="0" disabled="0" errors="0" time="0" timestamp="2026-09-09T21:42:17">
    <testcase name="EveryMaskAndStopDisablesAtFinalBoundary" status="run" result="completed" time="0" timestamp="2026-09-09T21:42:17" classname="rinbo_fsm.ManualOutput" />
  </testsuite>
</testsuites>
