<?xml version="1.0" encoding="UTF-8"?>
<testsuites tests="10" failures="0" disabled="0" errors="0" time="2.171" timestamp="2026-09-09T21:42:08" name="AllTests">
  <testsuite name="StandingMultiLegTest" tests="9" failures="0" disabled="0" errors="0" time="2.13" timestamp="2026-09-09T21:42:08">
    <testcase name="All64MasksRequireActualHealthyStandingTransitions" status="run" result="completed" time="1.884" timestamp="2026-09-09T21:42:08" classname="rinbo_fsm.StandingMultiLegTest" />
    <testcase name="ReenabledL3IsRequiredAndItsHallTimeoutInvalidatesReceipts" status="run" result="completed" time="0.026" timestamp="2026-09-09T21:42:10" classname="rinbo_fsm.StandingMultiLegTest" />
    <testcase name="ShutdownPublicationFailureStillInvalidatesCompletedReceipt" status="run" result="completed" time="0.03" timestamp="2026-09-09T21:42:10" classname="rinbo_fsm.StandingMultiLegTest" />
    <testcase name="RelaxedRotateDeadlineAllowsLateArrivalButStillRequiresTarget" status="run" result="completed" time="0.03" timestamp="2026-09-09T21:42:10" classname="rinbo_fsm.StandingMultiLegTest" />
    <testcase name="OppositeL1FeedbackStopsBeforeItCanChaseAnotherRevolution" status="run" result="completed" time="0.024" timestamp="2026-09-09T21:42:10" classname="rinbo_fsm.StandingMultiLegTest" />
    <testcase name="PassingTargetAtSpeedCannotCompleteAndHoldDivergenceInvalidates" status="run" result="completed" time="0.03" timestamp="2026-09-09T21:42:10" classname="rinbo_fsm.StandingMultiLegTest" />
    <testcase name="CommandDirectionsMatchCalibrationConventionForBothSigns" status="run" result="completed" time="0.023" timestamp="2026-09-09T21:42:10" classname="rinbo_fsm.StandingMultiLegTest" />
    <testcase name="ReportedR2Error218FailsOldToleranceAndPassesConfiguredTolerance" status="run" result="completed" time="0.056" timestamp="2026-09-09T21:42:10" classname="rinbo_fsm.StandingMultiLegTest" />
    <testcase name="WiderArrivalToleranceStillRejectsPersistentErrorOutsideBand" status="run" result="completed" time="0.026" timestamp="2026-09-09T21:42:11" classname="rinbo_fsm.StandingMultiLegTest" />
  </testsuite>
  <testsuite name="StandingReference" tests="1" failures="0" disabled="0" errors="0" time="0" timestamp="2026-09-09T21:42:11">
    <testcase name="SmoothStartAndStopNeverAskForReverseOrExceedCruiseSpeed" status="run" result="completed" time="0" timestamp="2026-09-09T21:42:11" classname="rinbo_fsm.StandingReference" />
  </testsuite>
</testsuites>
