<?xml version="1.0" encoding="utf-8"?><testsuites><testsuite name="pytest" errors="0" failures="0" skipped="1" tests="254" time="67.051" timestamp="2026-09-09T20:28:55.391635" hostname="yahboom"><testcase classname="test.test_calibration_progress" name="test_site_log_reports_l3_pending_and_l1_skipped" time="0.004" /><testcase classname="test.test_calibration_progress" name="test_display_uses_reported_mask_without_hardcoded_disabled_legs[0]" time="0.001" /><testcase classname="test.test_calibration_progress" name="test_display_uses_reported_mask_without_hardcoded_disabled_legs[1]" time="0.001" /><testcase classname="test.test_calibration_progress" name="test_display_uses_reported_mask_without_hardcoded_disabled_legs[2]" time="0.001" /><testcase classname="test.test_calibration_progress" name="test_display_uses_reported_mask_without_hardcoded_disabled_legs[3]" time="0.001" /><testcase classname="test.test_calibration_progress" name="test_display_uses_reported_mask_without_hardcoded_disabled_legs[4]" time="0.001" /><testcase classname="test.test_calibration_progress" name="test_display_uses_reported_mask_without_hardcoded_disabled_legs[5]" time="0.001" /><testcase classname="test.test_calibration_progress" name="test_display_uses_reported_mask_without_hardcoded_disabled_legs[6]" time="0.001" /><testcase classname="test.test_calibration_progress" name="test_display_uses_reported_mask_without_hardcoded_disabled_legs[7]" time="0.001" /><testcase classname="test.test_calibration_progress" name="test_display_uses_reported_mask_without_hardcoded_disabled_legs[8]" time="0.001" /><testcase classname="test.test_calibration_progress" name="test_display_uses_reported_mask_without_hardcoded_disabled_legs[9]" time="0.001" /><testcase classname="test.test_calibration_progress" name="test_display_uses_reported_mask_without_hardcoded_disabled_legs[10]" time="0.001" /><testcase classname="test.test_calibration_progress" name="test_display_uses_reported_mask_without_hardcoded_disabled_legs[11]" time="0.001" /><testcase classname="test.test_calibration_progress" name="test_display_uses_reported_mask_without_hardcoded_disabled_legs[12]" time="0.001" /><testcase classname="test.test_calibration_progress" name="test_display_uses_reported_mask_without_hardcoded_disabled_legs[13]" time="0.001" /><testcase classname="test.test_calibration_progress" name="test_display_uses_reported_mask_without_hardcoded_disabled_legs[14]" time="0.001" /><testcase classname="test.test_calibration_progress" name="test_display_uses_reported_mask_without_hardcoded_disabled_legs[15]" time="0.001" /><testcase classname="test.test_calibration_progress" name="test_display_uses_reported_mask_without_hardcoded_disabled_legs[16]" time="0.001" /><testcase classname="test.test_calibration_progress" name="test_display_uses_reported_mask_without_hardcoded_disabled_legs[17]" time="0.001" /><testcase classname="test.test_calibration_progress" name="test_display_uses_reported_mask_without_hardcoded_disabled_legs[18]" time="0.001" /><testcase classname="test.test_calibration_progress" name="test_display_uses_reported_mask_without_hardcoded_disabled_legs[19]" time="0.001" /><testcase classname="test.test_calibration_progress" name="test_display_uses_reported_mask_without_hardcoded_disabled_legs[20]" time="0.001" /><testcase classname="test.test_calibration_progress" name="test_display_uses_reported_mask_without_hardcoded_disabled_legs[21]" time="0.001" /><testcase classname="test.test_calibration_progress" name="test_display_uses_reported_mask_without_hardcoded_disabled_legs[22]" time="0.001" /><testcase classname="test.test_calibration_progress" name="test_display_uses_reported_mask_without_hardcoded_disabled_legs[23]" time="0.001" /><testcase classname="test.test_calibration_progress" name="test_display_uses_reported_mask_without_hardcoded_disabled_legs[24]" time="0.001" /><testcase classname="test.test_calibration_progress" name="test_display_uses_reported_mask_without_hardcoded_disabled_legs[25]" time="0.001" /><testcase classname="test.test_calibration_progress" name="test_display_uses_reported_mask_without_hardcoded_disabled_legs[26]" time="0.001" /><testcase classname="test.test_calibration_progress" name="test_display_uses_reported_mask_without_hardcoded_disabled_legs[27]" time="0.001" /><testcase classname="test.test_calibration_progress" name="test_display_uses_reported_mask_without_hardcoded_disabled_legs[28]" time="0.001" /><testcase classname="test.test_calibration_progress" name="test_display_uses_reported_mask_without_hardcoded_disabled_legs[29]" time="0.001" /><testcase classname="test.test_calibration_progress" name="test_display_uses_reported_mask_without_hardcoded_disabled_legs[30]" time="0.001" /><testcase classname="test.test_calibration_progress" name="test_display_uses_reported_mask_without_hardcoded_disabled_legs[31]" time="0.001" /><testcase classname="test.test_calibration_progress" name="test_display_uses_reported_mask_without_hardcoded_disabled_legs[32]" time="0.001" /><testcase classname="test.test_calibration_progress" name="test_display_uses_reported_mask_without_hardcoded_disabled_legs[33]" time="0.001" /><testcase classname="test.test_calibration_progress" name="test_display_uses_reported_mask_without_hardcoded_disabled_legs[34]" time="0.001" /><testcase classname="test.test_calibration_progress" name="test_display_uses_reported_mask_without_hardcoded_disabled_legs[35]" time="0.001" /><testcase classname="test.test_calibration_progress" name="test_display_uses_reported_mask_without_hardcoded_disabled_legs[36]" time="0.001" /><testcase classname="test.test_calibration_progress" name="test_display_uses_reported_mask_without_hardcoded_disabled_legs[37]" time="0.001" /><testcase classname="test.test_calibration_progress" name="test_display_uses_reported_mask_without_hardcoded_disabled_legs[38]" time="0.001" /><testcase classname="test.test_calibration_progress" name="test_display_uses_reported_mask_without_hardcoded_disabled_legs[39]" time="0.001" /><testcase classname="test.test_calibration_progress" name="test_display_uses_reported_mask_without_hardcoded_disabled_legs[40]" time="0.001" /><testcase classname="test.test_calibration_progress" name="test_display_uses_reported_mask_without_hardcoded_disabled_legs[41]" time="0.001" /><testcase classname="test.test_calibration_progress" name="test_display_uses_reported_mask_without_hardcoded_disabled_legs[42]" time="0.001" /><testcase classname="test.test_calibration_progress" name="test_display_uses_reported_mask_without_hardcoded_disabled_legs[43]" time="0.001" /><testcase classname="test.test_calibration_progress" name="test_display_uses_reported_mask_without_hardcoded_disabled_legs[44]" time="0.001" /><testcase classname="test.test_calibration_progress" name="test_display_uses_reported_mask_without_hardcoded_disabled_legs[45]" time="0.001" /><testcase classname="test.test_calibration_progress" name="test_display_uses_reported_mask_without_hardcoded_disabled_legs[46]" time="0.001" /><testcase classname="test.test_calibration_progress" name="test_display_uses_reported_mask_without_hardcoded_disabled_legs[47]" time="0.001" /><testcase classname="test.test_calibration_progress" name="test_display_uses_reported_mask_without_hardcoded_disabled_legs[48]" time="0.001" /><testcase classname="test.test_calibration_progress" name="test_display_uses_reported_mask_without_hardcoded_disabled_legs[49]" time="0.001" /><testcase classname="test.test_calibration_progress" name="test_display_uses_reported_mask_without_hardcoded_disabled_legs[50]" time="0.001" /><testcase classname="test.test_calibration_progress" name="test_display_uses_reported_mask_without_hardcoded_disabled_legs[51]" time="0.001" /><testcase classname="test.test_calibration_progress" name="test_display_uses_reported_mask_without_hardcoded_disabled_legs[52]" time="0.001" /><testcase classname="test.test_calibration_progress" name="test_display_uses_reported_mask_without_hardcoded_disabled_legs[53]" time="0.001" /><testcase classname="test.test_calibration_progress" name="test_display_uses_reported_mask_without_hardcoded_disabled_legs[54]" time="0.001" /><testcase classname="test.test_calibration_progress" name="test_display_uses_reported_mask_without_hardcoded_disabled_legs[55]" time="0.001" /><testcase classname="test.test_calibration_progress" name="test_display_uses_reported_mask_without_hardcoded_disabled_legs[56]" time="0.001" /><testcase classname="test.test_calibration_progress" name="test_display_uses_reported_mask_without_hardcoded_disabled_legs[57]" time="0.001" /><testcase classname="test.test_calibration_progress" name="test_display_uses_reported_mask_without_hardcoded_disabled_legs[58]" time="0.001" /><testcase classname="test.test_calibration_progress" name="test_display_uses_reported_mask_without_hardcoded_disabled_legs[59]" time="0.001" /><testcase classname="test.test_calibration_progress" name="test_display_uses_reported_mask_without_hardcoded_disabled_legs[60]" time="0.001" /><testcase classname="test.test_calibration_progress" name="test_display_uses_reported_mask_without_hardcoded_disabled_legs[61]" time="0.001" /><testcase classname="test.test_calibration_progress" name="test_display_uses_reported_mask_without_hardcoded_disabled_legs[62]" time="0.001" /><testcase classname="test.test_calibration_progress" name="test_missing_ui_events_never_guess_pending_legs" time="0.001" /><testcase classname="test.test_calibration_progress" name="test_sensor_detection_does_not_mean_calibration_done" time="0.001" /><testcase classname="test.test_calibration_progress" name="test_each_calibration_wait_has_a_distinct_plain_language_error[healthy servo homing timeout: L2,R2-\u4f3a\u670d\u5c1a\u672a\u5230\u9054]" time="0.001" /><testcase classname="test.test_calibration_progress" name="test_each_calibration_wait_has_a_distinct_plain_language_error[motor stop timeout: L2-\u5c1a\u672a\u78ba\u8a8d\u505c\u7a69]" time="0.001" /><testcase classname="test.test_calibration_progress" name="test_each_calibration_wait_has_a_distinct_plain_language_error[position reset timeout: L2 pos=1000-\u5c1a\u672a\u78ba\u8a8d\u6b78\u96f6]" time="0.001" /><testcase classname="test.test_connection_recovery" name="test_only_exact_executable_and_domain_qualify" time="0.108" /><testcase classname="test.test_connection_recovery" name="test_normal_sigint_stops_only_selected_process_and_logs_identity" time="0.111" /><testcase classname="test.test_connection_recovery" name="test_reused_identity_cannot_signal_live_process" time="0.095" /><testcase classname="test.test_connection_recovery" name="test_hung_motion_is_not_force_killed" time="0.149" /><testcase classname="test.test_connection_recovery" name="test_disappeared_process_is_harmless" time="0.094" /><testcase classname="test.test_connection_recovery" name="test_connection_recovery_serializes_panels" time="0.004" /><testcase classname="test.test_connection_recovery" name="test_step1_stops_then_verifies_then_connects" time="0.005" /><testcase classname="test.test_connection_recovery" name="test_step1_no_motion_preserves_calibration_and_does_not_power_cycle" time="0.004" /><testcase classname="test.test_connection_recovery" name="test_step1_unknown_publisher_blocks_bootstrap" time="0.005" /><testcase classname="test.test_connection_recovery" name="test_step1_failed_stop_blocks_bootstrap" time="0.005" /><testcase classname="test.test_connection_recovery" name="test_step1_unverified_disabled_blocks_bootstrap" time="0.005" /><testcase classname="test.test_connection_recovery" name="test_step1_different_robot_does_not_stop_processes" time="0.004" /><testcase classname="test.test_connection_recovery" name="test_step1_refreshes_only_its_own_ssh_master" time="0.004" /><testcase classname="test.test_console" name="test_demo_full_menu_has_no_ros_network_or_process_calls" time="0.210" /><testcase classname="test.test_console" name="test_cancelled_review_never_executes" time="0.035" /><testcase classname="test.test_console" name="test_successful_unchanged_action_repeats_without_second_confirmation" time="0.442" /><testcase classname="test.test_console" name="test_changing_selected_leg_requires_new_calibration_and_review" time="0.474" /><testcase classname="test.test_console" name="test_same_leg_settings_changes_reuse_valid_calibration[L2 -5]" time="0.471" /><testcase classname="test.test_console" name="test_same_leg_settings_changes_reuse_valid_calibration[L2 v 10]" time="0.453" /><testcase classname="test.test_console" name="test_same_leg_settings_changes_reuse_valid_calibration[L2 a 90]" time="0.472" /><testcase classname="test.test_console" name="test_same_leg_settings_changes_reuse_valid_calibration[L2 p 180 10]" time="0.472" /><testcase classname="test.test_console" name="test_same_leg_settings_changes_reuse_valid_calibration[time 8]" time="0.471" /><testcase classname="test.test_console" name="test_same_leg_settings_changes_reuse_valid_calibration[pwm 30]" time="0.445" /><testcase classname="test.test_console" name="test_selecting_subset_of_calibrated_legs_does_not_home_again" time="0.473" /><testcase classname="test.test_console" name="test_power_off_revokes_repeat_confirmation" time="0.267" /><testcase classname="test.test_console" name="test_edit_supports_different_modes_per_leg" time="0.005" /><testcase classname="test.test_console" name="test_numeric_wizard_retries_only_invalid_field_and_preserves_other_settings" time="0.004" /><testcase classname="test.test_console" name="test_cancelling_last_wizard_step_keeps_original_plan" time="0.004" /><testcase classname="test.test_console" name="test_number_only_preset_and_execution_support_multiple_legs" time="0.211" /><testcase classname="test.test_console" name="test_refresh_and_cancelled_preset_do_not_actuate_or_save" time="0.005" /><testcase classname="test.test_console" name="test_enter_keeps_displayed_value_even_when_suggestion_differs" time="0.002" /><testcase classname="test.test_console" name="test_help_and_starter_preset_never_actuate_and_respect_disabled_legs" time="0.035" /><testcase classname="test.test_console" name="test_network_retries_bad_field_without_losing_previous_values" time="0.002" /><testcase classname="test.test_console" name="test_limit_retry_keeps_other_fields_and_does_not_reduce_requested_velocity" time="0.003" /><testcase classname="test.test_console" name="test_failed_preference_save_retains_original_action_and_reports_failure[entry0]" time="0.008" /><testcase classname="test.test_console" name="test_failed_preference_save_retains_original_action_and_reports_failure[entry1]" time="0.008" /><testcase classname="test.test_console" name="test_failed_preference_save_retains_original_action_and_reports_failure[entry2]" time="0.009" /><testcase classname="test.test_console" name="test_failed_preference_save_retains_original_action_and_reports_failure[entry3]" time="0.008" /><testcase classname="test.test_console" name="test_failed_preference_save_retains_original_action_and_reports_failure[entry4]" time="0.008" /><testcase classname="test.test_console" name="test_failed_network_save_retains_original_target" time="0.007" /><testcase classname="test.test_console" name="test_view_refresh_and_connection_do_not_rewrite_preferences" time="0.006" /><testcase classname="test.test_console" name="test_masked_selection_can_edit_limits_but_cannot_execute" time="0.007" /><testcase classname="test.test_convenience" name="test_reverse_and_scale_preserve_phase_angle_time_and_effort" time="0.002" /><testcase classname="test.test_convenience" name="test_invalid_adjustment_never_partially_changes_plan" time="0.002" /><testcase classname="test.test_convenience" name="test_copy_replaces_selection_and_independently_copies_each_target" time="0.002" /><testcase classname="test.test_convenience" name="test_library_is_separate_and_survives_reload" time="0.005" /><testcase classname="test.test_convenience" name="test_bad_library_is_rejected_without_overwriting[bad0]" time="0.005" /><testcase classname="test.test_convenience" name="test_bad_library_is_rejected_without_overwriting[bad1]" time="0.005" /><testcase classname="test.test_convenience" name="test_bad_library_is_rejected_without_overwriting[bad2]" time="0.005" /><testcase classname="test.test_convenience" name="test_bad_library_is_rejected_without_overwriting[bad3]" time="0.005" /><testcase classname="test.test_convenience" name="test_bad_library_is_rejected_without_overwriting[bad4]" time="0.006" /><testcase classname="test.test_convenience" name="test_all_new_features_are_settings_only" time="0.013" /><testcase classname="test.test_convenience" name="test_undo_is_settings_only_and_requires_review_again" time="0.242" /><testcase classname="test.test_convenience" name="test_load_same_favorite_does_not_reuse_previous_confirmation" time="0.214" /><testcase classname="test.test_convenience" name="test_masked_favorite_is_visible_but_cannot_be_loaded" time="0.006" /><testcase classname="test.test_convenience" name="test_cancel_overwrite_and_delete_preserves_saved_motion" time="0.008" /><testcase classname="test.test_convenience" name="test_confirmed_delete_removes_only_chosen_favorite" time="0.009" /><testcase classname="test.test_convenience" name="test_failed_undo_keeps_history_for_retry" time="0.009" /><testcase classname="test.test_convenience" name="test_undo_never_restores_mask_or_silently_changes_selected_leg" time="0.011" /><testcase classname="test.test_feedback" name="test_feedback_and_humble_parameter_service" time="0.002"><skipped type="pytest.skip" message="Requires ROS_DOMAIN_ID=232 ROS_LOCALHOST_ONLY=1">/home/jetson/rinbo_ros_ws/src/rinbo_control/test/test_feedback.py:10: Requires ROS_DOMAIN_ID=232 ROS_LOCALHOST_ONLY=1</skipped></testcase><testcase classname="test.test_leg_management" name="test_numbered_panel_adds_and_removes_multiple_legs_without_external_calls" time="0.005" /><testcase classname="test.test_leg_management" name="test_cancel_invalid_and_view_only_do_not_change_mask" time="0.005" /><testcase classname="test.test_leg_management" name="test_all_masked_remains_manageable_across_restart_and_does_not_switch_selected_leg" time="0.010" /><testcase classname="test.test_leg_management" name="test_fresh_all_masked_console_can_save_preferences_and_enable_all" time="0.009" /><testcase classname="test.test_leg_management" name="test_mask_change_requires_new_review_and_calibration" time="0.242" /><testcase classname="test.test_leg_management" name="test_runtime_uses_native_delta_command_and_reads_actual_result[False]" time="0.005" /><testcase classname="test.test_leg_management" name="test_runtime_uses_native_delta_command_and_reads_actual_result[True]" time="0.004" /><testcase classname="test.test_leg_management" name="test_noop_and_invalid_request_do_not_power_off_or_write" time="0.004" /><testcase classname="test.test_leg_management" name="test_failed_change_never_reports_a_new_mask[busy]" time="0.004" /><testcase classname="test.test_leg_management" name="test_failed_change_never_reports_a_new_mask[off]" time="0.004" /><testcase classname="test.test_leg_management" name="test_failed_change_never_reports_a_new_mask[write]" time="0.005" /><testcase classname="test.test_motion_limits" name="test_presets_preview_apply_and_restore_never_use_hardware" time="0.005" /><testcase classname="test.test_motion_limits" name="test_cancel_and_custom_integer_validation_do_not_save" time="0.004" /><testcase classname="test.test_motion_limits" name="test_native_adapter_sends_revision_and_never_power_commands" time="0.004" /><testcase classname="test.test_motion_limits" name="test_sim_profile_keeps_comments_other_guards_and_model_metadata" time="0.035" /><testcase classname="test.test_motion_limits" name="test_motion_limits_are_reachable_from_actual_main_menu" time="0.004" /><testcase classname="test.test_motion_limits" name="test_sim_invalid_profile_is_a_recoverable_error" time="0.003" /><testcase classname="test.test_plans" name="test_quick_settings_are_explicit_and_preserve_unrelated_limits" time="0.002" /><testcase classname="test.test_plans" name="test_default_is_relative_and_never_selects_disabled_leg" time="0.003" /><testcase classname="test.test_plans" name="test_number_rejects_invalid_values[nan]" time="0.001" /><testcase classname="test.test_plans" name="test_number_rejects_invalid_values[inf]" time="0.001" /><testcase classname="test.test_plans" name="test_number_rejects_invalid_values[-inf]" time="0.001" /><testcase classname="test.test_plans" name="test_number_rejects_invalid_values[True]" time="0.001" /><testcase classname="test.test_plans" name="test_number_rejects_invalid_values[91]" time="0.001" /><testcase classname="test.test_plans" name="test_number_rejects_invalid_values[-1]" time="0.001" /><testcase classname="test.test_plans" name="test_ip_rejects_non_device_or_shell_text[127.0.0.1]" time="0.001" /><testcase classname="test.test_plans" name="test_ip_rejects_non_device_or_shell_text[0.0.0.0]" time="0.001" /><testcase classname="test.test_plans" name="test_ip_rejects_non_device_or_shell_text[224.1.1.1]" time="0.001" /><testcase classname="test.test_plans" name="test_ip_rejects_non_device_or_shell_text[255.255.255.255]" time="0.001" /><testcase classname="test.test_plans" name="test_ip_rejects_non_device_or_shell_text[host; reboot]" time="0.001" /><testcase classname="test.test_plans" name="test_ip_rejects_non_device_or_shell_text[]" time="0.001" /><testcase classname="test.test_plans" name="test_selection_and_plan_validation" time="0.001" /><testcase classname="test.test_plans" name="test_settings_are_preferences_only_and_atomic" time="0.005" /><testcase classname="test.test_plans" name="test_expected_startup_message_is_not_reported_as_a_connection_success" time="0.001" /><testcase classname="test.test_plans" name="test_context_shutdown_error_keeps_cause_instead_of_tail_of_parameter_dump" time="0.001" /><testcase classname="test.test_plans" name="test_opposite_encoder_feedback_is_not_mistaken_for_insufficient_pwm" time="0.001" /><testcase classname="test.test_plans" name="test_stationary_at_pwm_cap_explains_evidence_without_claiming_hardware_cause[final pose not reached]" time="0.001" /><testcase classname="test.test_plans" name="test_stationary_at_pwm_cap_explains_evidence_without_claiming_hardware_cause[alignment not reached]" time="0.001" /><testcase classname="test.test_plans" name="test_tracking_failure_does_not_mislabel_moving_or_unsaturated_motor[5-20]" time="0.001" /><testcase classname="test.test_plans" name="test_tracking_failure_does_not_mislabel_moving_or_unsaturated_motor[0-10]" time="0.001" /><testcase classname="test.test_plans" name="test_tracking_failure_does_not_mislabel_moving_or_unsaturated_motor[0.2-20]" time="0.001" /><testcase classname="test.test_presentation" name="test_numbers_and_names_are_consistent_and_cannot_duplicate_or_select_masked" time="0.001" /><testcase classname="test.test_presentation" name="test_dashboard_never_claims_connection_from_bridge_presence_alone" time="0.001" /><testcase classname="test.test_presentation" name="test_missing_or_fully_masked_site_gives_actionable_next_step" time="0.001" /><testcase classname="test.test_presentation" name="test_stale_feedback_never_shows_cached_angles_or_hall" time="0.001" /><testcase classname="test.test_presentation" name="test_invalid_angle_is_unknown_and_does_not_hide_hall" time="0.001" /><testcase classname="test.test_presentation" name="test_hall_display_matches_active_low_calibration_and_does_not_certify_completion" time="0.001" /><testcase classname="test.test_presentation" name="test_execution_scope_separates_selected_legs_from_site_enabled_legs" time="0.001" /><testcase classname="test.test_presentation" name="test_next_step_identifies_other_controller_before_suggesting_execution" time="0.001" /><testcase classname="test.test_runtime" name="test_query_timeout_is_recoverable_and_explained" time="0.003" /><testcase classname="test.test_runtime" name="test_full_workflow_order_and_success_retains_sensors" time="0.002" /><testcase classname="test.test_runtime" name="test_exit_powers_off_observed_bridge_even_when_not_started_by_panel" time="0.002" /><testcase classname="test.test_runtime" name="test_failed_exit_status_read_does_not_claim_confirmed_shutdown" time="0.002" /><testcase classname="test.test_runtime" name="test_calibration_receives_the_actual_selected_plan" time="0.002" /><testcase classname="test.test_runtime" name="test_calibration_wrapper_waits_for_configured_stages_not_fixed_sixty_seconds" time="0.002" /><testcase classname="test.test_runtime" name="test_connection_reuse_requires_fresh_feedback_and_same_target[True]" time="0.002" /><testcase classname="test.test_runtime" name="test_connection_reuse_requires_fresh_feedback_and_same_target[False]" time="0.002" /><testcase classname="test.test_runtime" name="test_busy_controller_rejected_before_ssh_or_startup" time="0.002" /><testcase classname="test.test_runtime" name="test_busy_action_does_not_power_off_another_controller" time="0.002" /><testcase classname="test.test_runtime" name="test_every_powered_failure_attempts_verified_off[sequence]" time="0.002" /><testcase classname="test.test_runtime" name="test_every_powered_failure_attempts_verified_off[relay]" time="0.002" /><testcase classname="test.test_runtime" name="test_every_powered_failure_attempts_verified_off[calibration]" time="0.002" /><testcase classname="test.test_runtime" name="test_every_powered_failure_attempts_verified_off[motion]" time="0.002" /><testcase classname="test.test_runtime" name="test_every_powered_failure_attempts_verified_off[sensors]" time="0.003" /><testcase classname="test.test_runtime" name="test_no_hidden_calibration_when_review_approved_reuse" time="0.002" /><testcase classname="test.test_runtime" name="test_changed_site_never_starts_power" time="0.002" /><testcase classname="test.test_runtime" name="test_reuse_does_not_cycle_sensor_power" time="0.002" /><testcase classname="test.test_runtime" name="test_sensor_interruption_after_calibration_prevents_motion" time="0.002" /><testcase classname="test.test_runtime" name="test_off_failure_does_not_claim_success" time="0.002" /><testcase classname="test.test_runtime" name="test_process_output_markers_and_owned_shutdown" time="0.100" /><testcase classname="test.test_runtime" name="test_calibration_handoff_requires_clean_exit_even_after_done[False]" time="0.115" /><testcase classname="test.test_runtime" name="test_calibration_handoff_requires_clean_exit_even_after_done[True]" time="0.116" /><testcase classname="test.test_runtime" name="test_parent_death_terminates_owned_child[False]" time="0.301" /><testcase classname="test.test_runtime" name="test_parent_death_terminates_owned_child[True]" time="0.301" /><testcase classname="test.test_runtime" name="test_failed_connection_cannot_start_bridge_or_power[refused-\u62d2\u7d55\u9023\u7dda]" time="0.037" /><testcase classname="test.test_runtime" name="test_failed_connection_cannot_start_bridge_or_power[timeout-\u7b49\u5f85\u903e\u6642]" time="0.008" /><testcase classname="test.test_runtime" name="test_failed_connection_cannot_start_bridge_or_power[unreachable-\u7db2\u8def\u7121\u6cd5\u5230\u9054]" time="0.008" /><testcase classname="test.test_runtime" name="test_already_powered_only_reads_relay_feedback" time="0.004" /><testcase classname="test.test_runtime" name="test_power_waits_for_subscriber_without_retrying_command" time="0.004" /><testcase classname="test.test_runtime" name="test_unknown_off_retains_remote_services" time="0.004" /><testcase classname="test.test_runtime" name="test_normal_close_order_is_off_bridge_driver_core" time="0.004" /><testcase classname="test.test_runtime" name="test_remote_bootstrap_precedes_tcp_and_bridge_needs_real_state[True]" time="0.006" /><testcase classname="test.test_runtime" name="test_remote_bootstrap_precedes_tcp_and_bridge_needs_real_state[False]" time="0.007" /><testcase classname="test.test_runtime" name="test_tcp_probe_preserves_socket_failure_types" time="0.002" /><testcase classname="test.test_runtime" name="test_receipt_alone_cannot_reuse_calibration_after_sensor_gap" time="0.004" /><testcase classname="test.test_runtime" name="test_calibration_reason_distinguishes_power_coverage_and_reuse" time="0.005" /><testcase classname="test.test_sbrio" name="test_bad_bitfile_never_starts_service" time="0.119" /><testcase classname="test.test_sbrio" name="test_start_reuse_and_stop_keep_exact_identity" time="7.574" /><testcase classname="test.test_sbrio" name="test_another_session_reuses_but_never_stops_external_services" time="5.518" /><testcase classname="test.test_sbrio" name="test_fpga_open_failure_blocks_readiness" time="2.289" /><testcase classname="test.test_sbrio" name="test_incomplete_launch_record_never_claims_stopped" time="2.272" /><testcase classname="test.test_sbrio" name="test_pid_reuse_record_cannot_kill_process" time="2.275" /><testcase classname="test.test_sbrio" name="test_owned_background_services_can_stop_when_sigint_was_ignored" time="11.561" /><testcase classname="test.test_sbrio" name="test_ssh_uses_native_auth_and_persists_recovery_before_start" time="0.042" /><testcase classname="test.test_sbrio" name="test_old_boot_receipts_archive_and_reuse_windows_pair_without_ownership" time="5.572" /><testcase classname="test.test_sbrio" name="test_reconcile_only_never_launches_missing_services" time="4.531" /><testcase classname="test.test_sbrio" name="test_old_boot_start_marker_can_be_archived_without_launch" time="2.241" /><testcase classname="test.test_sbrio" name="test_live_driver_without_core_is_not_restarted_or_stopped" time="4.428" /><testcase classname="test.test_sbrio" name="test_recovery_refuses_reused_live_pid_identity" time="4.387" /><testcase classname="test.test_sbrio" name="test_remote_first_error_is_preserved_in_exception_and_log" time="0.030" /><testcase classname="test.test_sbrio" name="test_refresh_private_ssh_preserves_pending_service_ownership" time="0.007" /><testcase classname="test.test_sbrio" name="test_corrupt_boot_id_is_not_silently_retired" time="4.477" /><testcase classname="test.test_ssh_auth" name="test_credentials_are_host_specific_and_private" time="0.007" /><testcase classname="test.test_ssh_auth" name="test_askpass_answers_password_only_and_never_accepts_host_key" time="0.422" /><testcase classname="test.test_ssh_auth" name="test_bootstrap_keeps_remote_script_stdin_and_password_out_of_logs" time="0.040" /><testcase classname="test.test_terminal" name="test_stop_key_works_without_enter_and_restores_terminal[q]" time="0.003" /><testcase classname="test.test_terminal" name="test_stop_key_works_without_enter_and_restores_terminal[Q]" time="0.003" /><testcase classname="test.test_terminal" name="test_stop_key_works_without_enter_and_restores_terminal[s]" time="0.003" /><testcase classname="test.test_terminal" name="test_stop_key_works_without_enter_and_restores_terminal[S]" time="0.003" /><testcase classname="test.test_terminal" name="test_stop_key_works_without_enter_and_restores_terminal[ ]" time="0.003" /><testcase classname="test.test_terminal" name="test_stop_key_works_without_enter_and_restores_terminal[\x1b]" time="0.003" /><testcase classname="test.test_workshop" name="test_workshop_changes_and_new_leg_execute_on_three_only" time="0.656" /><testcase classname="test.test_workshop" name="test_workshop_stop_or_failure_requires_review_again[off]" time="0.269" /><testcase classname="test.test_workshop" name="test_workshop_stop_or_failure_requires_review_again[failure]" time="0.011" /><testcase classname="test.test_workshop" name="test_workshop_stop_or_failure_requires_review_again[cancel]" time="0.015" /><testcase classname="test.test_workshop" name="test_workshop_settings_alone_never_connect_or_move" time="0.010" /><testcase classname="test.test_workshop" name="test_disabling_workshop_restores_normal_confirmation" time="0.008" /><testcase classname="test.test_workshop" name="test_site_change_between_dashboard_and_go_revokes_workshop" time="0.008" /><testcase classname="test.test_workshop" name="test_mask_still_blocks_in_workshop" time="0.006" /><testcase classname="test.test_workshop" name="test_quick_power_uses_motion_site_cap_and_preserves_other_fields[1-45]" time="0.003" /><testcase classname="test.test_workshop" name="test_quick_power_uses_motion_site_cap_and_preserves_other_fields[2-25]" time="0.003" /><testcase classname="test.test_workshop" name="test_quick_power_uses_motion_site_cap_and_preserves_other_fields[3-47]" time="0.003" /><testcase classname="test.test_workshop" name="test_quick_power_uses_motion_site_cap_and_preserves_other_fields[4-55]" time="0.002" /><testcase classname="test.test_workshop" name="test_quick_power_never_silently_clamps_increment" time="0.002" /><testcase classname="test.test_workshop" name="test_presets_retain_tuned_limits_and_duration" time="0.007" /></testsuite></testsuites>