<?xml version="1.0" encoding="UTF-8"?>
<testsuites tests="10" failures="0" disabled="0" errors="0" time="2.121" timestamp="2026-09-09T21:08:04" name="AllTests">
  <testsuite name="StandingMultiLegTest" tests="9" failures="0" disabled="0" errors="0" time="2.079" timestamp="2026-09-09T21:08:04">
    <testcase name="All64MasksRequireActualHealthyStandingTransitions" status="run" result="completed" time="1.83" timestamp="2026-09-09T21:08:04" classname="rinbo_fsm.StandingMultiLegTest" />
    <testcase name="ReenabledL3IsRequiredAndItsHallTimeoutInvalidatesReceipts" status="run" result="completed" time="0.026" timestamp="2026-09-09T21:08:06" classname="rinbo_fsm.StandingMultiLegTest" />
    <testcase name="ShutdownPublicationFailureStillInvalidatesCompletedReceipt" status="run" result="completed" time="0.03" timestamp="2026-09-09T21:08:06" classname="rinbo_fsm.StandingMultiLegTest" />
    <testcase name="RelaxedRotateDeadlineAllowsLateArrivalButStillRequiresTarget" status="run" result="completed" time="0.03" timestamp="2026-09-09T21:08:06" classname="rinbo_fsm.StandingMultiLegTest" />
    <testcase name="OppositeL1FeedbackStopsBeforeItCanChaseAnotherRevolution" status="run" result="completed" time="0.026" timestamp="2026-09-09T21:08:06" classname="rinbo_fsm.StandingMultiLegTest" />
    <testcase name="PassingTargetAtSpeedCannotCompleteAndHoldDivergenceInvalidates" status="run" result="completed" time="0.031" timestamp="2026-09-09T21:08:06" classname="rinbo_fsm.StandingMultiLegTest" />
    <testcase name="CommandDirectionsMatchCalibrationConventionForBothSigns" status="run" result="completed" time="0.024" timestamp="2026-09-09T21:08:06" classname="rinbo_fsm.StandingMultiLegTest" />
    <testcase name="ReportedR2Error218FailsOldToleranceAndPassesConfiguredTolerance" status="run" result="completed" time="0.055" timestamp="2026-09-09T21:08:06" classname="rinbo_fsm.StandingMultiLegTest" />
    <testcase name="WiderArrivalToleranceStillRejectsPersistentErrorOutsideBand" status="run" result="completed" time="0.026" timestamp="2026-09-09T21:08:06" classname="rinbo_fsm.StandingMultiLegTest" />
  </testsuite>
  <testsuite name="StandingReference" tests="1" failures="0" disabled="0" errors="0" time="0" timestamp="2026-09-09T21:08:06">
    <testcase name="SmoothStartAndStopNeverAskForReverseOrExceedCruiseSpeed" status="run" result="completed" time="0" timestamp="2026-09-09T21:08:06" classname="rinbo_fsm.StandingReference" />
  </testsuite>
</testsuites>
