<?xml version="1.0" encoding="UTF-8"?>
<testsuites tests="3" failures="0" disabled="0" errors="0" time="0" timestamp="2026-09-09T21:08:12" name="AllTests">
  <testsuite name="ControlVelocity" tests="3" failures="0" disabled="0" errors="0" time="0" timestamp="2026-09-09T21:08:12">
    <testcase name="ReducesEncoderPacketStepsWithoutLosingMeanSpeed" status="run" result="completed" time="0" timestamp="2026-09-09T21:08:12" classname="rinbo_fsm.ControlVelocity" />
    <testcase name="TracksStoppingAndReversingAtDifferentFeedbackRates" status="run" result="completed" time="0" timestamp="2026-09-09T21:08:12" classname="rinbo_fsm.ControlVelocity" />
    <testcase name="DoesNotHideInvalidFeedbackOrCarryHistoryAcrossGaps" status="run" result="completed" time="0" timestamp="2026-09-09T21:08:12" classname="rinbo_fsm.ControlVelocity" />
  </testsuite>
</testsuites>
