<?xml version="1.0" encoding="UTF-8"?>
<testsuites tests="8" failures="0" disabled="0" errors="0" time="2.65" timestamp="2026-09-09T12:45:43" name="AllTests">
  <testsuite name="StandingMultiLegTest" tests="7" failures="0" disabled="0" errors="0" time="2.638" timestamp="2026-09-09T12:45:43">
    <testcase name="All64MasksRequireActualHealthyStandingTransitions" status="run" result="completed" time="2.426" timestamp="2026-09-09T12:45:43" classname="rinbo_fsm.StandingMultiLegTest" />
    <testcase name="ReenabledL3IsRequiredAndItsHallTimeoutInvalidatesReceipts" status="run" result="completed" time="0.033" timestamp="2026-09-09T12:45:45" classname="rinbo_fsm.StandingMultiLegTest" />
    <testcase name="ShutdownPublicationFailureStillInvalidatesCompletedReceipt" status="run" result="completed" time="0.039" timestamp="2026-09-09T12:45:45" classname="rinbo_fsm.StandingMultiLegTest" />
    <testcase name="RelaxedRotateDeadlineAllowsLateArrivalButStillRequiresTarget" status="run" result="completed" time="0.037" timestamp="2026-09-09T12:45:45" classname="rinbo_fsm.StandingMultiLegTest" />
    <testcase name="OppositeL1FeedbackStopsBeforeItCanChaseAnotherRevolution" status="run" result="completed" time="0.031" timestamp="2026-09-09T12:45:45" classname="rinbo_fsm.StandingMultiLegTest" />
    <testcase name="PassingTargetAtSpeedCannotCompleteAndHoldDivergenceInvalidates" status="run" result="completed" time="0.039" timestamp="2026-09-09T12:45:45" classname="rinbo_fsm.StandingMultiLegTest" />
    <testcase name="CommandDirectionsMatchCalibrationConventionForBothSigns" status="run" result="completed" time="0.03" timestamp="2026-09-09T12:45:45" classname="rinbo_fsm.StandingMultiLegTest" />
  </testsuite>
  <testsuite name="StandingReference" tests="1" failures="0" disabled="0" errors="0" time="0.002" timestamp="2026-09-09T12:45:45">
    <testcase name="SmoothStartAndStopNeverAskForReverseOrExceedCruiseSpeed" status="run" result="completed" time="0.002" timestamp="2026-09-09T12:45:45" classname="rinbo_fsm.StandingReference" />
  </testsuite>
</testsuites>
