<?xml version="1.0" encoding="UTF-8"?>
<testsuites tests="14" failures="0" disabled="0" errors="0" time="3.185" timestamp="2026-09-09T12:45:39" name="AllTests">
  <testsuite name="CaliMultiLegTest" tests="14" failures="0" disabled="0" errors="0" time="3.169" timestamp="2026-09-09T12:45:39">
    <testcase name="WrongDirectionCannotBeHiddenByFindingHall" status="run" result="completed" time="0.075" timestamp="2026-09-09T12:45:39" classname="rinbo_fsm.CaliMultiLegTest" />
    <testcase name="ManualPlanValuesOnlySelectLegsAndDoNotOverrideCalibrationParameters" status="run" result="completed" time="0.052" timestamp="2026-09-09T12:45:39" classname="rinbo_fsm.CaliMultiLegTest" />
    <testcase name="All64MasksUseActualHealthyCalibrationTransitions" status="run" result="completed" time="1.669" timestamp="2026-09-09T12:45:39" classname="rinbo_fsm.CaliMultiLegTest" />
    <testcase name="L1AndL3MissingOnlyPassWhenBothExplicitlyMasked" status="run" result="completed" time="0.054" timestamp="2026-09-09T12:45:41" classname="rinbo_fsm.CaliMultiLegTest" />
    <testcase name="SelectedL2IgnoresOtherHallsAndOnlyCertifiesL2" status="run" result="completed" time="0.038" timestamp="2026-09-09T12:45:41" classname="rinbo_fsm.CaliMultiLegTest" />
    <testcase name="EverySingleLegCompletesWithoutWaitingForFiveUnselectedLegs" status="run" result="completed" time="0.173" timestamp="2026-09-09T12:45:41" classname="rinbo_fsm.CaliMultiLegTest" />
    <testcase name="StopSignalsAfterDoneKeepContextAliveUntilCallbacksEndAndPreserveReceipt" status="run" result="completed" time="0.477" timestamp="2026-09-09T12:45:41" classname="rinbo_fsm.CaliMultiLegTest" />
    <testcase name="StopBeforeCompletionCannotLeaveAnApprovedReceipt" status="run" result="completed" time="0.225" timestamp="2026-09-09T12:45:42" classname="rinbo_fsm.CaliMultiLegTest" />
    <testcase name="RealFailureAfterDoneIsNotHiddenByNormalShutdown" status="run" result="completed" time="0.234" timestamp="2026-09-09T12:45:42" classname="rinbo_fsm.CaliMultiLegTest" />
    <testcase name="ResetWithoutZeroFeedbackFailsAndCannotCreateReceipt" status="run" result="completed" time="0.06" timestamp="2026-09-09T12:45:42" classname="rinbo_fsm.CaliMultiLegTest" />
    <testcase name="ReenabledServoMustHomeAgain" status="run" result="completed" time="0.028" timestamp="2026-09-09T12:45:42" classname="rinbo_fsm.CaliMultiLegTest" />
    <testcase name="LostResetRetriesOnlyWhileStationaryAndNeverCompletesWithoutFeedback" status="run" result="completed" time="0.03" timestamp="2026-09-09T12:45:42" classname="rinbo_fsm.CaliMultiLegTest" />
    <testcase name="LostResetStillTimesOutAtOriginalDeadlineWithDiagnosticValues" status="run" result="completed" time="0.025" timestamp="2026-09-09T12:45:42" classname="rinbo_fsm.CaliMultiLegTest" />
    <testcase name="RelaxedResetWaitStillRequiresActualZeroFeedback" status="run" result="completed" time="0.029" timestamp="2026-09-09T12:45:42" classname="rinbo_fsm.CaliMultiLegTest" />
  </testsuite>
</testsuites>
