<?xml version="1.0" encoding="UTF-8"?>
<testsuites tests="14" failures="0" disabled="0" errors="0" time="3.425" timestamp="2026-09-09T13:10:39" name="AllTests">
  <testsuite name="CaliMultiLegTest" tests="14" failures="0" disabled="0" errors="0" time="3.414" timestamp="2026-09-09T13:10:39">
    <testcase name="WrongDirectionCannotBeHiddenByFindingHall" status="run" result="completed" time="0.093" timestamp="2026-09-09T13:10:39" classname="rinbo_fsm.CaliMultiLegTest" />
    <testcase name="ManualPlanValuesOnlySelectLegsAndDoNotOverrideCalibrationParameters" status="run" result="completed" time="0.057" timestamp="2026-09-09T13:10:39" classname="rinbo_fsm.CaliMultiLegTest" />
    <testcase name="All64MasksUseActualHealthyCalibrationTransitions" status="run" result="completed" time="1.848" timestamp="2026-09-09T13:10:39" classname="rinbo_fsm.CaliMultiLegTest" />
    <testcase name="L1AndL3MissingOnlyPassWhenBothExplicitlyMasked" status="run" result="completed" time="0.055" timestamp="2026-09-09T13:10:41" classname="rinbo_fsm.CaliMultiLegTest" />
    <testcase name="SelectedL2IgnoresOtherHallsAndOnlyCertifiesL2" status="run" result="completed" time="0.041" timestamp="2026-09-09T13:10:41" classname="rinbo_fsm.CaliMultiLegTest" />
    <testcase name="EverySingleLegCompletesWithoutWaitingForFiveUnselectedLegs" status="run" result="completed" time="0.185" timestamp="2026-09-09T13:10:41" classname="rinbo_fsm.CaliMultiLegTest" />
    <testcase name="StopSignalsAfterDoneKeepContextAliveUntilCallbacksEndAndPreserveReceipt" status="run" result="completed" time="0.485" timestamp="2026-09-09T13:10:42" classname="rinbo_fsm.CaliMultiLegTest" />
    <testcase name="StopBeforeCompletionCannotLeaveAnApprovedReceipt" status="run" result="completed" time="0.232" timestamp="2026-09-09T13:10:42" classname="rinbo_fsm.CaliMultiLegTest" />
    <testcase name="RealFailureAfterDoneIsNotHiddenByNormalShutdown" status="run" result="completed" time="0.238" timestamp="2026-09-09T13:10:42" classname="rinbo_fsm.CaliMultiLegTest" />
    <testcase name="ResetWithoutZeroFeedbackFailsAndCannotCreateReceipt" status="run" result="completed" time="0.061" timestamp="2026-09-09T13:10:42" classname="rinbo_fsm.CaliMultiLegTest" />
    <testcase name="ReenabledServoMustHomeAgain" status="run" result="completed" time="0.028" timestamp="2026-09-09T13:10:43" classname="rinbo_fsm.CaliMultiLegTest" />
    <testcase name="LostResetRetriesOnlyWhileStationaryAndNeverCompletesWithoutFeedback" status="run" result="completed" time="0.032" timestamp="2026-09-09T13:10:43" classname="rinbo_fsm.CaliMultiLegTest" />
    <testcase name="LostResetStillTimesOutAtOriginalDeadlineWithDiagnosticValues" status="run" result="completed" time="0.026" timestamp="2026-09-09T13:10:43" classname="rinbo_fsm.CaliMultiLegTest" />
    <testcase name="RelaxedResetWaitStillRequiresActualZeroFeedback" status="run" result="completed" time="0.032" timestamp="2026-09-09T13:10:43" classname="rinbo_fsm.CaliMultiLegTest" />
  </testsuite>
</testsuites>
