<?xml version="1.0" encoding="UTF-8"?>
<testsuites tests="30" failures="0" disabled="0" errors="0" time="2.641" timestamp="2026-09-10T00:15:16" name="AllTests">
  <testsuite name="ConfigTest" tests="30" failures="0" disabled="0" errors="0" time="2.639" timestamp="2026-09-10T00:15:16">
    <testcase name="EveryMaskRoundTripsAndPreservesSafetyParameters" status="run" result="completed" time="0.989" timestamp="2026-09-10T00:15:16" classname="rinbo_fsm.ConfigTest" />
    <testcase name="ManagementOperationsNormalizeAreAtomicAndIdempotent" status="run" result="completed" time="0.043" timestamp="2026-09-10T00:15:17" classname="rinbo_fsm.ConfigTest" />
    <testcase name="MotionTuningUpdatesAllModesPreservesLimitsAndInvalidatesReceipts" status="run" result="completed" time="0.053" timestamp="2026-09-10T00:15:17" classname="rinbo_fsm.ConfigTest" />
    <testcase name="CorruptMissingUnsupportedAndConflictingConfigFailClosed" status="run" result="completed" time="0.07" timestamp="2026-09-10T00:15:17" classname="rinbo_fsm.ConfigTest" />
    <testcase name="UnreadableConfigurationFailsWithoutReinitialization" status="run" result="completed" time="0.002" timestamp="2026-09-10T00:15:17" classname="rinbo_fsm.ConfigTest" />
    <testcase name="LocksRejectChangesAndConcurrentMotionUntilStopped" status="run" result="completed" time="0.017" timestamp="2026-09-10T00:15:17" classname="rinbo_fsm.ConfigTest" />
    <testcase name="IndependentWriterLockAndReaderSnapshot" status="run" result="completed" time="0.006" timestamp="2026-09-10T00:15:17" classname="rinbo_fsm.ConfigTest" />
    <testcase name="ConfigurationChangesAndNewAttemptsInvalidateStageReceipts" status="run" result="completed" time="0.067" timestamp="2026-09-10T00:15:17" classname="rinbo_fsm.ConfigTest" />
    <testcase name="ManualEditsCannotReuseCalibrationAtSameRevision" status="run" result="completed" time="0.015" timestamp="2026-09-10T00:15:17" classname="rinbo_fsm.ConfigTest" />
    <testcase name="ReceiptReplacementIsAtomicAndPinnedToConfiguration" status="run" result="completed" time="0.199" timestamp="2026-09-10T00:15:17" classname="rinbo_fsm.ConfigTest" />
    <testcase name="CompletionRejectsExternalRevisionOrHashChange" status="run" result="completed" time="0.035" timestamp="2026-09-10T00:15:18" classname="rinbo_fsm.ConfigTest" />
    <testcase name="FailedStandingInvalidatesCalibrationAndNewAttemptCannotResurrectIt" status="run" result="completed" time="0.03" timestamp="2026-09-10T00:15:18" classname="rinbo_fsm.ConfigTest" />
    <testcase name="AllDisabledCanBeSavedButNoMotionStageCanStart" status="run" result="completed" time="0.048" timestamp="2026-09-10T00:15:18" classname="rinbo_fsm.ConfigTest" />
    <testcase name="ManualRequiresCalibrationAndInvalidatesStandingWithoutApprovingIt" status="run" result="completed" time="0.051" timestamp="2026-09-10T00:15:18" classname="rinbo_fsm.ConfigTest" />
    <testcase name="ScopedReceiptsCoverOnlySelectedLegsAndNeverApproveWholeRobot" status="run" result="completed" time="0.051" timestamp="2026-09-10T00:15:18" classname="rinbo_fsm.ConfigTest" />
    <testcase name="ReadinessCheckDoesNotChangeOrCreateStageReceipts" status="run" result="completed" time="0.035" timestamp="2026-09-10T00:15:18" classname="rinbo_fsm.ConfigTest" />
    <testcase name="ProcessInspectionDistinguishesMotionFromCommunication" status="run" result="completed" time="0.002" timestamp="2026-09-10T00:15:18" classname="rinbo_fsm.ConfigTest" />
    <testcase name="TripodTuningPreservesOnlyValidUnchangedPrerequisites" status="run" result="completed" time="0.048" timestamp="2026-09-10T00:15:18" classname="rinbo_fsm.ConfigTest" />
    <testcase name="TripodTuningPreviewIsReadOnlyEvenDuringMotion" status="run" result="completed" time="0.027" timestamp="2026-09-10T00:15:18" classname="rinbo_fsm.ConfigTest" />
    <testcase name="TripodTuningNeverCreatesMissingOrInvalidReceipts" status="run" result="completed" time="0.065" timestamp="2026-09-10T00:15:18" classname="rinbo_fsm.ConfigTest" />
    <testcase name="TripodTuningRejectsProtectedKeysInvalidNumbersAndActiveWriters" status="run" result="completed" time="0.01" timestamp="2026-09-10T00:15:18" classname="rinbo_fsm.ConfigTest" />
    <testcase name="TripodFilterAndRestoredGainsKeepOtherStagesAndRejectInvalidFilter" status="run" result="completed" time="0.024" timestamp="2026-09-10T00:15:18" classname="rinbo_fsm.ConfigTest" />
    <testcase name="TripodPositionPolicyIsExplicitReversibleAndKeepsOtherControllers" status="run" result="completed" time="0.105" timestamp="2026-09-10T00:15:18" classname="rinbo_fsm.ConfigTest" />
    <testcase name="TripodPositionPolicyCannotBypassBusyOrRecreateInvalidReceipts" status="run" result="completed" time="0.036" timestamp="2026-09-10T00:15:18" classname="rinbo_fsm.ConfigTest" />
    <testcase name="MotionLimitsAreAtomicTypedRevisionCheckedAndPreserveUnrelatedSettings" status="run" result="completed" time="0.173" timestamp="2026-09-10T00:15:18" classname="rinbo_fsm.ConfigTest" />
    <testcase name="MotionLimitsCarryOnlyUnchangedPrerequisitesAndCannotEditWhileBusy" status="run" result="completed" time="0.251" timestamp="2026-09-10T00:15:18" classname="rinbo_fsm.ConfigTest" />
    <testcase name="TripodRawPwm3300IsTypedAtomicAndDoesNotRaiseOtherControllerCaps" status="run" result="completed" time="0.1" timestamp="2026-09-10T00:15:19" classname="rinbo_fsm.ConfigTest" />
    <testcase name="TripodSlewIsOptionalAndOnlyTripodSettingsChange" status="run" result="completed" time="0.044" timestamp="2026-09-10T00:15:19" classname="rinbo_fsm.ConfigTest" />
    <testcase name="AcceptedChoicesKeepManualControlIndependentAndSharedGuardsIntact" status="run" result="completed" time="0.021" timestamp="2026-09-10T00:15:19" classname="rinbo_fsm.ConfigTest" />
    <testcase name="LegacyManualInheritanceAndNewBlockValidation" status="run" result="completed" time="0.011" timestamp="2026-09-10T00:15:19" classname="rinbo_fsm.ConfigTest" />
  </testsuite>
</testsuites>
