<?xml version="1.0" encoding="UTF-8"?>
<testsuites tests="33" failures="0" disabled="0" errors="0" time="12.982" timestamp="2026-09-10T00:15:29" name="AllTests">
  <testsuite name="TripodMultiLegTest" tests="33" failures="0" disabled="0" errors="0" time="12.982" timestamp="2026-09-10T00:15:29">
    <testcase name="WarningOnlyLargeFiniteErrorsNeverStopOrInvalidateReceipts" status="run" result="completed" time="0.183" timestamp="2026-09-10T00:15:29" classname="rinbo_fsm.TripodMultiLegTest" />
    <testcase name="WarningOnlyModeRunsPastStartupWithLagAndStillStopsOnRequest" status="run" result="completed" time="0.374" timestamp="2026-09-10T00:15:30" classname="rinbo_fsm.TripodMultiLegTest" />
    <testcase name="WarningOnlyModeStillStopsOnNonfiniteHealthyFeedback" status="run" result="completed" time="0.227" timestamp="2026-09-10T00:15:30" classname="rinbo_fsm.TripodMultiLegTest" />
    <testcase name="WarningOnlyModeStillHonorsEstopImmediately" status="run" result="completed" time="0.102" timestamp="2026-09-10T00:15:30" classname="rinbo_fsm.TripodMultiLegTest" />
    <testcase name="OriginalSiteModelWarningDoesNotAddAnOperationInterlock" status="run" result="completed" time="0.065" timestamp="2026-09-10T00:15:30" classname="rinbo_fsm.TripodMultiLegTest" />
    <testcase name="Suggested20SecondRatio40ProfileFitsNominalBudget" status="run" result="completed" time="0.078" timestamp="2026-09-10T00:15:30" classname="rinbo_fsm.TripodMultiLegTest" />
    <testcase name="RestToRestStartupIsMonotoneWithContinuousEndpoints" status="run" result="completed" time="0.001" timestamp="2026-09-10T00:15:30" classname="rinbo_fsm.TripodMultiLegTest" />
    <testcase name="PhaseLaunchIsContinuousAndKeepsTheUnwrappedPhase" status="run" result="completed" time="0" timestamp="2026-09-10T00:15:30" classname="rinbo_fsm.TripodMultiLegTest" />
    <testcase name="NegativePhaseAndGaitJoinsPreserveMultipleRevolutions" status="run" result="completed" time="0.056" timestamp="2026-09-10T00:15:30" classname="rinbo_fsm.TripodMultiLegTest" />
    <testcase name="HistoricalPolarityAndRawCountsRemainExplicit" status="run" result="completed" time="0" timestamp="2026-09-10T00:15:31" classname="rinbo_fsm.TripodMultiLegTest" />
    <testcase name="All64MasksCoverStartupBothGroupsAndControlledStop" status="run" result="completed" time="7.307" timestamp="2026-09-10T00:15:31" classname="rinbo_fsm.TripodMultiLegTest" />
    <testcase name="NormalTrackingAcrossStartupAndGroupBLaunch" status="run" result="completed" time="0.402" timestamp="2026-09-10T00:15:38" classname="rinbo_fsm.TripodMultiLegTest" />
    <testcase name="StartupRebasesToActualButKeepsBoundaryErrorAndWaitingBProtection" status="run" result="completed" time="0.146" timestamp="2026-09-10T00:15:38" classname="rinbo_fsm.TripodMultiLegTest" />
    <testcase name="GroupBRebasesOnlyWaitingHealthyLegsOnceAtLaunch" status="run" result="completed" time="0.069" timestamp="2026-09-10T00:15:38" classname="rinbo_fsm.TripodMultiLegTest" />
    <testcase name="RestoredControllerRunsEightSecondStartupRatioEightToOneAndManualStop" status="run" result="completed" time="0.441" timestamp="2026-09-10T00:15:38" classname="rinbo_fsm.TripodMultiLegTest" />
    <testcase name="HealthyBlockedStartupCannotEnterRunningOrRetainReceipts" status="run" result="completed" time="0.107" timestamp="2026-09-10T00:15:39" classname="rinbo_fsm.TripodMultiLegTest" />
    <testcase name="StartupKeepsExistingAlignmentToleranceWithoutAnExtraInterlock" status="run" result="completed" time="0.057" timestamp="2026-09-10T00:15:39" classname="rinbo_fsm.TripodMultiLegTest" />
    <testcase name="TransientLagRecoversButContinuousLagTripsAfterSamplesAndTime" status="run" result="completed" time="0.061" timestamp="2026-09-10T00:15:39" classname="rinbo_fsm.TripodMultiLegTest" />
    <testcase name="SoftGuardRequiresBothTenSamplesAndHalfASecond" status="run" result="completed" time="0.068" timestamp="2026-09-10T00:15:39" classname="rinbo_fsm.TripodMultiLegTest" />
    <testcase name="HardBoundaryAndInvalidFeedbackBypassTransientAllowance" status="run" result="completed" time="0.295" timestamp="2026-09-10T00:15:39" classname="rinbo_fsm.TripodMultiLegTest" />
    <testcase name="PositionProtectionIgnoresExactlyL3Mask" status="run" result="completed" time="0.082" timestamp="2026-09-10T00:15:39" classname="rinbo_fsm.TripodMultiLegTest" />
    <testcase name="TriggerFrameRetainsRawSignedDataAndFirstReason" status="run" result="completed" time="0.104" timestamp="2026-09-10T00:15:40" classname="rinbo_fsm.TripodMultiLegTest" />
    <testcase name="SlewUsesRealElapsedTimeAndImmediateStopBypassesIt" status="run" result="completed" time="0.109" timestamp="2026-09-10T00:15:40" classname="rinbo_fsm.TripodMultiLegTest" />
    <testcase name="RatioRampIsIndependentOfCallbackRate" status="run" result="completed" time="0.075" timestamp="2026-09-10T00:15:40" classname="rinbo_fsm.TripodMultiLegTest" />
    <testcase name="TargetRatioAndElapsedTimeNeverAutoCompleteRunning" status="run" result="completed" time="0.899" timestamp="2026-09-10T00:15:40" classname="rinbo_fsm.TripodMultiLegTest" />
    <testcase name="ShutdownBrakesFromCurrentReferenceIncludingStartup" status="run" result="completed" time="0.15" timestamp="2026-09-10T00:15:41" classname="rinbo_fsm.TripodMultiLegTest" />
    <testcase name="NormalStopPublishesDisabledCommandThenEnds" status="run" result="completed" time="0.12" timestamp="2026-09-10T00:15:41" classname="rinbo_fsm.TripodMultiLegTest" />
    <testcase name="NonPositiveSampleTimeFailsClosed" status="run" result="completed" time="0.122" timestamp="2026-09-10T00:15:41" classname="rinbo_fsm.TripodMultiLegTest" />
    <testcase name="ShutdownPublishFailuresCannotPreservePrerequisiteReceipts" status="run" result="completed" time="0.128" timestamp="2026-09-10T00:15:41" classname="rinbo_fsm.TripodMultiLegTest" />
    <testcase name="SafetyStoppedActionHonorsShutdownWithoutFeedback" status="run" result="completed" time="0.106" timestamp="2026-09-10T00:15:41" classname="rinbo_fsm.TripodMultiLegTest" />
    <testcase name="Configured3300CanBeReachedWhileSlewMaskAndNormalStopRemainEffective" status="run" result="completed" time="0.441" timestamp="2026-09-10T00:15:41" classname="rinbo_fsm.TripodMultiLegTest" />
    <testcase name="OptionalSlewOffPassesRatio59CorrectionsWithCapMaskAndStop" status="run" result="completed" time="0.312" timestamp="2026-09-10T00:15:42" classname="rinbo_fsm.TripodMultiLegTest" />
    <testcase name="OptionalSlewOffStillStopsOnInvalidFeedbackAndEstop" status="run" result="completed" time="0.288" timestamp="2026-09-10T00:15:42" classname="rinbo_fsm.TripodMultiLegTest" />
  </testsuite>
</testsuites>
