<?xml version="1.0" encoding="UTF-8"?>
<testsuites tests="5" failures="0" disabled="0" errors="0" time="0.001" timestamp="2026-09-10T00:16:01" name="AllTests">
  <testsuite name="ControlVelocity" tests="5" failures="0" disabled="0" errors="0" time="0.001" timestamp="2026-09-10T00:16:01">
    <testcase name="ReducesEncoderPacketStepsWithoutLosingMeanSpeed" status="run" result="completed" time="0" timestamp="2026-09-10T00:16:01" classname="rinbo_fsm.ControlVelocity" />
    <testcase name="TracksStoppingAndReversingAtDifferentFeedbackRates" status="run" result="completed" time="0.001" timestamp="2026-09-10T00:16:01" classname="rinbo_fsm.ControlVelocity" />
    <testcase name="DoesNotHideInvalidFeedbackOrCarryHistoryAcrossGaps" status="run" result="completed" time="0" timestamp="2026-09-10T00:16:01" classname="rinbo_fsm.ControlVelocity" />
    <testcase name="TripodFiveMsReducesPacketNoiseWithLessReversalDelay" status="run" result="completed" time="0" timestamp="2026-09-10T00:16:01" classname="rinbo_fsm.ControlVelocity" />
    <testcase name="RawComparisonBypassesFilterAndInvalidSettingsAreRejected" status="run" result="completed" time="0" timestamp="2026-09-10T00:16:01" classname="rinbo_fsm.ControlVelocity" />
  </testsuite>
</testsuites>
