<?xml version="1.0" encoding="UTF-8"?>
<testsuites tests="8" failures="0" disabled="0" errors="0" time="3.416" timestamp="2026-09-10T00:15:07" name="AllTests">
  <testsuite name="MotorCommandGraph" tests="1" failures="0" disabled="0" errors="0" time="0" timestamp="2026-09-10T00:15:07">
    <testcase name="AllowsOnlyUniqueBridgeAndAuditedPassiveRecorder" status="run" result="completed" time="0" timestamp="2026-09-10T00:15:07" classname="rinbo_fsm.MotorCommandGraph" />
  </testsuite>
  <testsuite name="RecorderHandshake" tests="7" failures="0" disabled="0" errors="0" time="3.401" timestamp="2026-09-10T00:15:07">
    <testcase name="RecorderJoinLeaveAndRearmKeepBridgePinned" status="run" result="completed" time="0.799" timestamp="2026-09-10T00:15:07" classname="rinbo_fsm.RecorderHandshake" />
    <testcase name="RecorderAloneCannotRearmAndTimeoutNamesMissingBridge" status="run" result="completed" time="1.047" timestamp="2026-09-10T00:15:07" classname="rinbo_fsm.RecorderHandshake" />
    <testcase name="SecondBridgeAfterArmingIsTerminal" status="run" result="completed" time="0.313" timestamp="2026-09-10T00:15:08" classname="rinbo_fsm.RecorderHandshake" />
    <testcase name="RecorderMotorPublisherCannotUseObserverException" status="run" result="completed" time="0.125" timestamp="2026-09-10T00:15:09" classname="rinbo_fsm.RecorderHandshake" />
    <testcase name="RecorderPowerPublisherCannotUseObserverException" status="run" result="completed" time="0.18" timestamp="2026-09-10T00:15:09" classname="rinbo_fsm.RecorderHandshake" />
    <testcase name="OldEpochAckCannotArmAndNewEpochRequiresMatchingAck" status="run" result="completed" time="0.696" timestamp="2026-09-10T00:15:09" classname="rinbo_fsm.RecorderHandshake" />
    <testcase name="OldSessionAndUnpublishedSequenceAcksStayRejected" status="run" result="completed" time="0.238" timestamp="2026-09-10T00:15:10" classname="rinbo_fsm.RecorderHandshake" />
  </testsuite>
</testsuites>
