<?xml version="1.0" encoding="UTF-8"?>
<testsuites tests="11" failures="0" disabled="0" errors="0" time="4.96" timestamp="2026-09-10T00:15:24" name="AllTests">
  <testsuite name="StandingMultiLegTest" tests="10" failures="0" disabled="0" errors="0" time="4.917" timestamp="2026-09-10T00:15:24">
    <testcase name="All64MasksRequireActualHealthyStandingTransitions" status="run" result="completed" time="4.357" timestamp="2026-09-10T00:15:24" classname="rinbo_fsm.StandingMultiLegTest" />
    <testcase name="ReenabledL3IsRequiredAndItsHallTimeoutInvalidatesReceipts" status="run" result="completed" time="0.085" timestamp="2026-09-10T00:15:29" classname="rinbo_fsm.StandingMultiLegTest" />
    <testcase name="ShutdownPublicationFailureStillInvalidatesCompletedReceipt" status="run" result="completed" time="0.113" timestamp="2026-09-10T00:15:29" classname="rinbo_fsm.StandingMultiLegTest" />
    <testcase name="RelaxedRotateDeadlineAllowsLateArrivalButStillRequiresTarget" status="run" result="completed" time="0.075" timestamp="2026-09-10T00:15:29" classname="rinbo_fsm.StandingMultiLegTest" />
    <testcase name="OppositeL1FeedbackStopsBeforeItCanChaseAnotherRevolution" status="run" result="completed" time="0.037" timestamp="2026-09-10T00:15:29" classname="rinbo_fsm.StandingMultiLegTest" />
    <testcase name="PassingTargetAtSpeedCannotCompleteAndHoldDivergenceInvalidates" status="run" result="completed" time="0.046" timestamp="2026-09-10T00:15:29" classname="rinbo_fsm.StandingMultiLegTest" />
    <testcase name="CommandDirectionsMatchCalibrationConventionForBothSigns" status="run" result="completed" time="0.035" timestamp="2026-09-10T00:15:29" classname="rinbo_fsm.StandingMultiLegTest" />
    <testcase name="ReportedR2Error218FailsOldToleranceAndPassesConfiguredTolerance" status="run" result="completed" time="0.083" timestamp="2026-09-10T00:15:29" classname="rinbo_fsm.StandingMultiLegTest" />
    <testcase name="WiderArrivalToleranceStillRejectsPersistentErrorOutsideBand" status="run" result="completed" time="0.038" timestamp="2026-09-10T00:15:29" classname="rinbo_fsm.StandingMultiLegTest" />
    <testcase name="PositionOnlyChoiceCompletesOnFirstArrivalButKeepsHoldGuard" status="run" result="completed" time="0.047" timestamp="2026-09-10T00:15:29" classname="rinbo_fsm.StandingMultiLegTest" />
  </testsuite>
  <testsuite name="StandingReference" tests="1" failures="0" disabled="0" errors="0" time="0.002" timestamp="2026-09-10T00:15:29">
    <testcase name="SmoothStartAndStopNeverAskForReverseOrExceedCruiseSpeed" status="run" result="completed" time="0.002" timestamp="2026-09-10T00:15:29" classname="rinbo_fsm.StandingReference" />
  </testsuite>
</testsuites>
