<?xml version="1.0" encoding="UTF-8"?>
<testsuites tests="14" failures="0" disabled="0" errors="0" time="16.947" timestamp="2026-09-10T00:15:43" name="AllTests">
  <testsuite name="ManualControllerTest" tests="4" failures="0" disabled="0" errors="0" time="0.347" timestamp="2026-09-10T00:15:43">
    <testcase name="MissingFeedbackStopsAndInvalidatesCalibration" status="run" result="completed" time="0.141" timestamp="2026-09-10T00:15:43" classname="rinbo_fsm.ManualControllerTest" />
    <testcase name="UsesAuthoritativeStandingEffortProfile" status="run" result="completed" time="0.079" timestamp="2026-09-10T00:15:43" classname="rinbo_fsm.ManualControllerTest" />
    <testcase name="StopIsLatchedAndNormalStopPreservesCalibration" status="run" result="completed" time="0.059" timestamp="2026-09-10T00:15:43" classname="rinbo_fsm.ManualControllerTest" />
    <testcase name="ExplicitManualProfileOverridesStandingAndKeepsPlanCap" status="run" result="completed" time="0.068" timestamp="2026-09-10T00:15:44" classname="rinbo_fsm.ManualControllerTest" />
  </testsuite>
  <testsuite name="IsolatedDomain/ManualWireTest" tests="10" failures="0" disabled="0" errors="0" time="16.6" timestamp="2026-09-10T00:15:44">
    <testcase name="RealRosHandshakeMotionAndFailClosedOutput/0" value_param="4-byte object &lt;00-00 00-00&gt;" status="run" result="completed" time="5.442" timestamp="2026-09-10T00:15:44" classname="rinbo_fsm.IsolatedDomain/ManualWireTest" />
    <testcase name="RealRosHandshakeMotionAndFailClosedOutput/1" value_param="4-byte object &lt;01-00 00-00&gt;" status="run" result="completed" time="0.765" timestamp="2026-09-10T00:15:49" classname="rinbo_fsm.IsolatedDomain/ManualWireTest" />
    <testcase name="RealRosHandshakeMotionAndFailClosedOutput/2" value_param="4-byte object &lt;02-00 00-00&gt;" status="run" result="completed" time="0.922" timestamp="2026-09-10T00:15:50" classname="rinbo_fsm.IsolatedDomain/ManualWireTest" />
    <testcase name="RealRosHandshakeMotionAndFailClosedOutput/3" value_param="4-byte object &lt;03-00 00-00&gt;" status="run" result="completed" time="0.455" timestamp="2026-09-10T00:15:51" classname="rinbo_fsm.IsolatedDomain/ManualWireTest" />
    <testcase name="RealRosHandshakeMotionAndFailClosedOutput/4" value_param="4-byte object &lt;04-00 00-00&gt;" status="run" result="completed" time="0.539" timestamp="2026-09-10T00:15:51" classname="rinbo_fsm.IsolatedDomain/ManualWireTest" />
    <testcase name="RealRosHandshakeMotionAndFailClosedOutput/5" value_param="4-byte object &lt;05-00 00-00&gt;" status="run" result="completed" time="0.667" timestamp="2026-09-10T00:15:52" classname="rinbo_fsm.IsolatedDomain/ManualWireTest" />
    <testcase name="RealRosHandshakeMotionAndFailClosedOutput/6" value_param="4-byte object &lt;06-00 00-00&gt;" status="run" result="completed" time="0.465" timestamp="2026-09-10T00:15:52" classname="rinbo_fsm.IsolatedDomain/ManualWireTest" />
    <testcase name="RealRosHandshakeMotionAndFailClosedOutput/7" value_param="4-byte object &lt;07-00 00-00&gt;" status="run" result="completed" time="0.425" timestamp="2026-09-10T00:15:53" classname="rinbo_fsm.IsolatedDomain/ManualWireTest" />
    <testcase name="RealRosHandshakeMotionAndFailClosedOutput/8" value_param="4-byte object &lt;08-00 00-00&gt;" status="run" result="completed" time="1.457" timestamp="2026-09-10T00:15:53" classname="rinbo_fsm.IsolatedDomain/ManualWireTest" />
    <testcase name="RealRosHandshakeMotionAndFailClosedOutput/9" value_param="4-byte object &lt;09-00 00-00&gt;" status="run" result="completed" time="5.462" timestamp="2026-09-10T00:15:55" classname="rinbo_fsm.IsolatedDomain/ManualWireTest" />
  </testsuite>
</testsuites>
