<?xml version="1.0" encoding="UTF-8"?>
<testsuites tests="4" failures="0" disabled="0" errors="0" time="0.029" timestamp="2026-09-10T00:16:01" name="AllTests">
  <testsuite name="MotionEffort" tests="4" failures="0" disabled="0" errors="0" time="0.028" timestamp="2026-09-10T00:16:01">
    <testcase name="CompensationIsContinuousSymmetricAndZeroAtRest" status="run" result="completed" time="0" timestamp="2026-09-10T00:16:01" classname="rinbo_fsm.MotionEffort" />
    <testcase name="RejectsMalformedProfiles" status="run" result="completed" time="0" timestamp="2026-09-10T00:16:01" classname="rinbo_fsm.MotionEffort" />
    <testcase name="ReducesStopStartCyclesInDelayedFrictionModel" status="run" result="completed" time="0.009" timestamp="2026-09-10T00:16:01" classname="rinbo_fsm.MotionEffort" />
    <testcase name="TracksBothDirectionsAcrossFrictionAndSpeedVariations" status="run" result="completed" time="0.018" timestamp="2026-09-10T00:16:01" classname="rinbo_fsm.MotionEffort" />
  </testsuite>
</testsuites>
